2021-03-29 15:13:14 - warn [index.js]: message.guild.emojis.fetch(...).find is not a function
{
  "stack": "TypeError: message.guild.emojis.fetch(...).find is not a function
    at eval (eval at run (/home/dragonizedpizza/Desktop/Bots/Hurricanp/bot/commands/owner/fulleval.js:25:20), <anonymous>:2:46)
    at eval (eval at run (/home/dragonizedpizza/Desktop/Bots/Hurricanp/bot/commands/owner/fulleval.js:25:20), <anonymous>:4:3)
    at EvalCommand.run (/home/dragonizedpizza/Desktop/Bots/Hurricanp/bot/commands/owner/fulleval.js:25:20)
    at Object.run (/home/dragonizedpizza/Desktop/Bots/Hurricanp/bot/events/bot/message.js:111:28)
    at runMicrotasks (<anonymous>)
    at processTicksAndRejections (internal/process/task_queues.js:93:5)"
}
2021-03-29 15:14:17 - warn [index.js]: e is not defined
{
  "stack": "ReferenceError: e is not defined
    at eval (eval at run (/home/dragonizedpizza/Desktop/Bots/Hurricanp/bot/commands/owner/fulleval.js:25:20), <anonymous>:4:22)
    at runMicrotasks (<anonymous>)
    at processTicksAndRejections (internal/process/task_queues.js:93:5)"
}
2021-03-29 15:14:39 - warn [index.js]: Cannot send an empty message
{
  "name": "DiscordAPIError",
  "method": "post",
  "path": "/channels/787649614777286656/messages",
  "code": 50006,
  "httpStatus": 400,
  "stack": "DiscordAPIError: Cannot send an empty message
    at RequestHandler.execute (/home/dragonizedpizza/Desktop/Bots/Hurricanp/node_modules/discord.js/src/rest/RequestHandler.js:152:13)
    at runMicrotasks (<anonymous>)
    at processTicksAndRejections (internal/process/task_queues.js:93:5)
    at async RequestHandler.push (/home/dragonizedpizza/Desktop/Bots/Hurricanp/node_modules/discord.js/src/rest/RequestHandler.js:37:14)"
}
